<?xml version="1.0" encoding="utf-8"?><testsuites name="pytest tests"><testsuite name="pytest" errors="0" failures="1" skipped="0" tests="5" time="83.195" timestamp="2026-06-27T17:25:04.707901+00:00" hostname="agent-env-ba1b1ef4-3444-424e-9dc8-cfdd78a2d892"><testcase classname="tests.test_ai_fallback_endpoints.TestExploreIdea" name="test_explore_idea_returns_200" time="60.144"><failure message="AssertionError: Expected 200, got 502: &lt;!DOCTYPE html&gt;&#10;  &lt;!--[if lt IE 7]&gt; &lt;html class=&quot;no-js ie6 oldie&quot; lang=&quot;en-US&quot;&gt; &lt;![endif]--&gt;&#10;  &lt;!--[if IE 7]&gt;    &lt;html class=&quot;no-js ie7 oldie&quot; lang=&quot;en-US&quot;&gt; &lt;![endif]--&gt;&#10;  &lt;!--[if IE 8]&gt;    &lt;html class=&quot;no-js ie8 oldie&quot; lang=&quot;en-US&quot;&gt; &lt;![endif]--&gt;&#10;  &lt;!--[if gt IE 8]&gt;&lt;!--&gt; &lt;html class=&quot;no-js&quot; lang=&quot;en-US&quot;&gt; &lt;!--&lt;![endif]--&gt;&#10;  &lt;head&gt;&#10;  &#10;  &lt;title&gt;preview.emergentagent.com | 502: Bad gateway&lt;/title&gt;&#10;  &lt;meta charset=&quot;UTF-8&quot; /&gt;&#10;  &lt;meta http-equiv=&quot;Content-Type&quot; content=&quot;text/html; charset=UTF-8&quot; /&gt;&#10;  &lt;meta http-equiv=&quot;X-UA&#10;assert 502 == 200&#10; +  where 502 = &lt;Response [502]&gt;.status_code">backend/tests/test_ai_fallback_endpoints.py:31: in test_explore_idea_returns_200
    assert r.status_code == 200, f"Expected 200, got {r.status_code}: {r.text[:500]}"
E   AssertionError: Expected 200, got 502: &lt;!DOCTYPE html&gt;
E     &lt;!--[if lt IE 7]&gt; &lt;html class="no-js ie6 oldie" lang="en-US"&gt; &lt;![endif]--&gt;
E     &lt;!--[if IE 7]&gt;    &lt;html class="no-js ie7 oldie" lang="en-US"&gt; &lt;![endif]--&gt;
E     &lt;!--[if IE 8]&gt;    &lt;html class="no-js ie8 oldie" lang="en-US"&gt; &lt;![endif]--&gt;
E     &lt;!--[if gt IE 8]&gt;&lt;!--&gt; &lt;html class="no-js" lang="en-US"&gt; &lt;!--&lt;![endif]--&gt;
E     &lt;head&gt;
E     
E     &lt;title&gt;preview.emergentagent.com | 502: Bad gateway&lt;/title&gt;
E     &lt;meta charset="UTF-8" /&gt;
E     &lt;meta http-equiv="Content-Type" content="text/html; charset=UTF-8" /&gt;
E     &lt;meta http-equiv="X-UA
E   assert 502 == 200
E    +  where 502 = &lt;Response [502]&gt;.status_code</failure></testcase><testcase classname="tests.test_ai_fallback_endpoints.TestValidateIdea" name="test_validate_idea_returns_200" time="37.444" /><testcase classname="tests.test_ai_fallback_endpoints.TestMeta" name="test_meta_all" time="0.078" /><testcase classname="tests.test_ai_fallback_endpoints.TestExploreIdea" name="test_explore_idea_minimal_invalid_still_200_or_422" time="0.047" /><testcase classname="tests.test_ai_fallback_endpoints.TestTrademarkAdvice" name="test_trademark_advice_returns_200" time="22.463" /></testsuite></testsuites>